<?xml version="1.0" encoding="UTF-8"?>
<!-- Generated by org.testng.reporters.JUnitXMLReporter -->
<testsuite ignored="0" hostname="DESKTOP-HPNOI30" failures="0" tests="2" name="BankingApp Test" time="72.748" errors="0" timestamp="2023-07-02T00:33:13 IST">
  <testcase classname="com.inetbanking.testCases.TC_LoginTest_001" name="loginTest" time="2.502"/>
  <testcase classname="com.inetbanking.testCases.TC_AddNewCustomer_003" name="addNewCustomer" time="26.967"/>
</testsuite> <!-- BankingApp Test -->
