<?xml version="1.0" encoding="UTF-8"?>
<testng-results ignored="0" total="2" passed="2" failed="0" skipped="0">
  <reporter-output>
  </reporter-output>
  <suite started-at="2023-07-02T00:31:59 IST" name="InetBankingV1" finished-at="2023-07-02T00:33:11 IST" duration-ms="72748">
    <groups>
    </groups>
    <test started-at="2023-07-02T00:31:59 IST" name="BankingApp Test" finished-at="2023-07-02T00:33:11 IST" duration-ms="72748">
      <class name="com.inetbanking.testCases.TC_LoginTest_001">
        <test-method is-config="true" signature="setup(java.lang.String)[pri:0, instance:com.inetbanking.testCases.TC_LoginTest_001@2eae8e6e]" started-at="2023-07-02T00:31:59 IST" name="setup" finished-at="2023-07-02T00:32:18 IST" duration-ms="18733" status="PASS">
          <params>
            <param index="0">
              <value>
                <![CDATA[chrome]]>
              </value>
            </param>
          </params>
          <reporter-output>
          </reporter-output>
        </test-method> <!-- setup -->
        <test-method signature="loginTest()[pri:0, instance:com.inetbanking.testCases.TC_LoginTest_001@2eae8e6e]" started-at="2023-07-02T00:32:18 IST" name="loginTest" finished-at="2023-07-02T00:32:20 IST" duration-ms="2502" status="PASS">
          <reporter-output>
          </reporter-output>
        </test-method> <!-- loginTest -->
      </class> <!-- com.inetbanking.testCases.TC_LoginTest_001 -->
      <class name="com.inetbanking.testCases.TC_AddNewCustomer_003">
        <test-method is-config="true" signature="setup(java.lang.String)[pri:0, instance:com.inetbanking.testCases.TC_AddNewCustomer_003@17f62e33]" started-at="2023-07-02T00:32:20 IST" name="setup" finished-at="2023-07-02T00:32:44 IST" duration-ms="23922" status="PASS">
          <params>
            <param index="0">
              <value>
                <![CDATA[chrome]]>
              </value>
            </param>
          </params>
          <reporter-output>
          </reporter-output>
        </test-method> <!-- setup -->
        <test-method signature="addNewCustomer()[pri:0, instance:com.inetbanking.testCases.TC_AddNewCustomer_003@17f62e33]" started-at="2023-07-02T00:32:44 IST" name="addNewCustomer" finished-at="2023-07-02T00:33:11 IST" duration-ms="26967" status="PASS">
          <reporter-output>
          </reporter-output>
        </test-method> <!-- addNewCustomer -->
      </class> <!-- com.inetbanking.testCases.TC_AddNewCustomer_003 -->
    </test> <!-- BankingApp Test -->
  </suite> <!-- InetBankingV1 -->
</testng-results>
