<?xml version="1.0" encoding="UTF-8"?>
<testsuite xmlns:xsi="http://www.w3.org/2001/XMLSchema-instance" xsi:noNamespaceSchemaLocation="https://maven.apache.org/surefire/maven-surefire-plugin/xsd/surefire-test-report-3.0.xsd" version="3.0" name="TestSuite" time="177.61" tests="7" errors="0" skipped="0" failures="6">
  <properties>
[...]
</properties>
  <testcase name="loginTest" classname="com.inetbanking.testCases.TC_LoginTest_001" time="9.756">
    <system-out><![CDATA[ INFO [main] (TC_LoginTest_001.java:15)- url is opened
 INFO [main] (TC_LoginTest_001.java:19)- Entered username
 INFO [main] (TC_LoginTest_001.java:22)- Entered password
 INFO [main] (TC_LoginTest_001.java:28)- Login Test passed
]]></system-out>
    <system-err><![CDATA[SLF4J: No SLF4J providers were found.
SLF4J: Defaulting to no-operation (NOP) logger implementation
SLF4J: See https://www.slf4j.org/codes.html#noProviders for further details.
log4j:WARN No such property [dateFormat] in org.apache.log4j.PatternLayout.
ERROR StatusLogger Log4j2 could not find a logging implementation. Please add log4j-core to the classpath. Using SimpleLogger to log to the console...
1687868013061	geckodriver	INFO	Listening on 127.0.0.1:20977
1687868013838	mozrunner::runner	INFO	Running command: "C:\\Program Files\\Mozilla Firefox\\firefox.exe" "--marionette" "--remote-debugging-port" "45823" "--remote-allow-hosts" "localhost" "--remote-allow-origins" "http://127.0.0.1:45823/,http://localhost:45823/,http://[::1]:45823/" "-no-remote" "-profile" "C:\\WINDOWS\\TEMP\\rust_mozprofileSww6Dz"
console.warn: services.settings: Ignoring preference override of remote settings server
console.warn: services.settings: Allow by setting MOZ_REMOTE_SETTINGS_DEVTOOLS=1 in the environment
1687868014912	Marionette	INFO	Marionette enabled
Dynamically enable window occlusion 0
1687868014933	Marionette	INFO	Listening on port 59628
Read port: 59628
WebDriver BiDi listening on ws://127.0.0.1:45823
1687868015844	RemoteAgent	WARN	TLS certificate errors will be ignored for this session
[GFX1-]: Fallback WR to SW-WR + D3D11
[GFX1-]: Failed to initialize GPU process
[GFX1-]: [D3D11] failed to get compositor device.
[GFX1-]: Failed to initialize CompositorD3D11 for SWGL: FEATURE_FAILURE_D3D11_NO_DEVICE
[GFX1-]: RenderCompositorSWGL failed mapping default framebuffer, no dt
console.warn: SearchSettings: "get: No settings file exists, new profile?" (new NotFoundError("Could not open the file at C:\\WINDOWS\\TEMP\\rust_mozprofileSww6Dz\\search.json.mozlz4", (void 0)))
DevTools listening on ws://127.0.0.1:45823/devtools/browser/99eb4451-46e4-4985-af13-6962570c9228
console.error: (new TypeError("this._searchProviderInfo is null", "resource:///modules/SearchSERPTelemetry.sys.mjs", 468))
console.error: (new TypeError("linkMap is undefined", "resource://gre/modules/NewTabUtils.sys.mjs", 2019))
console.warn: LoginRecipes: "Falling back to a synchronous message for: https://demo.guru99.com."
console.warn: LoginRecipes: "Falling back to a synchronous message for: https://demo.guru99.com."
1687868052641	Marionette	WARN	Ignoring event 'DOMContentLoaded' because document has an invalid readyState of 'complete'.
]]></system-err>
  </testcase>
  <testcase name="loginDDT[mngr480500, turUjuq](1)" classname="com.inetbanking.testCases.TC_LoginDDT_002" time="12.804">
    <failure message="expected [true] but found [false]" type="java.lang.AssertionError"><![CDATA[java.lang.AssertionError: expected [true] but found [false]
	at org.testng.Assert.fail(Assert.java:110)
	at org.testng.Assert.failNotEquals(Assert.java:1577)
	at org.testng.Assert.assertTrue(Assert.java:56)
	at org.testng.Assert.assertTrue(Assert.java:66)
	at com.inetbanking.testCases.TC_LoginDDT_002.loginDDT(TC_LoginDDT_002.java:24)
	at java.base/jdk.internal.reflect.NativeMethodAccessorImpl.invoke0(Native Method)
	at java.base/jdk.internal.reflect.NativeMethodAccessorImpl.invoke(NativeMethodAccessorImpl.java:77)
	at java.base/jdk.internal.reflect.DelegatingMethodAccessorImpl.invoke(DelegatingMethodAccessorImpl.java:43)
	at java.base/java.lang.reflect.Method.invoke(Method.java:568)
	at org.testng.internal.invokers.MethodInvocationHelper.invokeMethod(MethodInvocationHelper.java:139)
	at org.testng.internal.invokers.TestInvoker.invokeMethod(TestInvoker.java:677)
	at org.testng.internal.invokers.TestInvoker.invokeTestMethod(TestInvoker.java:221)
	at org.testng.internal.invokers.MethodRunner.runInSequence(MethodRunner.java:50)
	at org.testng.internal.invokers.TestInvoker$MethodInvocationAgent.invoke(TestInvoker.java:969)
	at org.testng.internal.invokers.TestInvoker.invokeTestMethods(TestInvoker.java:194)
	at org.testng.internal.invokers.TestMethodWorker.invokeTestMethods(TestMethodWorker.java:148)
	at org.testng.internal.invokers.TestMethodWorker.run(TestMethodWorker.java:128)
	at java.base/java.util.ArrayList.forEach(ArrayList.java:1511)
	at org.testng.TestRunner.privateRun(TestRunner.java:829)
	at org.testng.TestRunner.run(TestRunner.java:602)
	at org.testng.SuiteRunner.runTest(SuiteRunner.java:437)
	at org.testng.SuiteRunner.runSequentially(SuiteRunner.java:431)
	at org.testng.SuiteRunner.privateRun(SuiteRunner.java:391)
	at org.testng.SuiteRunner.run(SuiteRunner.java:330)
	at org.testng.SuiteRunnerWorker.runSuite(SuiteRunnerWorker.java:52)
	at org.testng.SuiteRunnerWorker.run(SuiteRunnerWorker.java:95)
	at org.testng.TestNG.runSuitesSequentially(TestNG.java:1256)
	at org.testng.TestNG.runSuitesLocally(TestNG.java:1176)
	at org.testng.TestNG.runSuites(TestNG.java:1099)
	at org.testng.TestNG.run(TestNG.java:1067)
	at org.apache.maven.surefire.testng.TestNGExecutor.run(TestNGExecutor.java:324)
	at org.apache.maven.surefire.testng.TestNGXmlTestSuite.execute(TestNGXmlTestSuite.java:74)
	at org.apache.maven.surefire.testng.TestNGProvider.invoke(TestNGProvider.java:123)
	at org.apache.maven.surefire.booter.ForkedBooter.runSuitesInProcess(ForkedBooter.java:456)
	at org.apache.maven.surefire.booter.ForkedBooter.execute(ForkedBooter.java:169)
	at org.apache.maven.surefire.booter.ForkedBooter.run(ForkedBooter.java:595)
	at org.apache.maven.surefire.booter.ForkedBooter.main(ForkedBooter.java:581)
]]></failure>
    <system-err><![CDATA[1687868053787	RemoteAgent	INFO	Perform WebSocket upgrade for incoming connection from 127.0.0.1:59721
1687868053804	CDP	WARN	Invalid browser preferences for CDP. Set "fission.webContentIsolationStrategy"to 0 and "fission.bfcacheInParent" to false before Firefox starts.
1687868053933	Marionette	INFO	Stopped listening on port 59628
Dynamically enable window occlusion 1
JavaScript error: resource://gre/modules/UrlClassifierListManager.jsm, line 693: TypeError: this.tablesData[table] is undefined
log4j:WARN No such property [dateFormat] in org.apache.log4j.PatternLayout.
1687868061215	geckodriver	INFO	Listening on 127.0.0.1:43536
1687868061251	mozrunner::runner	INFO	Running command: "C:\\Program Files\\Mozilla Firefox\\firefox.exe" "--marionette" "--remote-debugging-port" "19023" "--remote-allow-hosts" "localhost" "--remote-allow-origins" "http://127.0.0.1:19023/,http://localhost:19023/,http://[::1]:19023/" "-no-remote" "-profile" "C:\\WINDOWS\\TEMP\\rust_mozprofile2WMdpP"
console.warn: services.settings: Ignoring preference override of remote settings server
console.warn: services.settings: Allow by setting MOZ_REMOTE_SETTINGS_DEVTOOLS=1 in the environment
1687868062265	Marionette	INFO	Marionette enabled
Dynamically enable window occlusion 0
1687868062281	Marionette	INFO	Listening on port 59923
Read port: 59923
WebDriver BiDi listening on ws://127.0.0.1:19023
1687868062676	RemoteAgent	WARN	TLS certificate errors will be ignored for this session
[GFX1-]: Fallback WR to SW-WR + D3D11
[GFX1-]: Failed to initialize GPU process
[GFX1-]: [D3D11] failed to get compositor device.
[GFX1-]: Failed to initialize CompositorD3D11 for SWGL: FEATURE_FAILURE_D3D11_NO_DEVICE
[GFX1-]: RenderCompositorSWGL failed mapping default framebuffer, no dt
console.warn: SearchSettings: "get: No settings file exists, new profile?" (new NotFoundError("Could not open the file at C:\\WINDOWS\\TEMP\\rust_mozprofile2WMdpP\\search.json.mozlz4", (void 0)))
console.error: Region.sys.mjs: "Error fetching region" (new AbortError("The operation was aborted. ", (void 0), 762))
console.error: Region.sys.mjs: "Failed to fetch region" (new Error("NO_RESULT", "resource://gre/modules/Region.sys.mjs", 416))
DevTools listening on ws://127.0.0.1:19023/devtools/browser/ff9e4ba4-7c91-44f0-a2b4-4e84e042df71
console.error: (new TypeError("this._searchProviderInfo is null", "resource:///modules/SearchSERPTelemetry.sys.mjs", 468))
console.warn: LoginRecipes: "Falling back to a synchronous message for: https://demo.guru99.com."
console.warn: LoginRecipes: "Falling back to a synchronous message for: https://demo.guru99.com."
1687868106925	Marionette	WARN	Ignoring event 'DOMContentLoaded' because document has an invalid readyState of 'complete'.
]]></system-err>
  </testcase>
  <testcase name="loginDDT[mngr480501, turUjuk](2)" classname="com.inetbanking.testCases.TC_LoginDDT_002" time="2.063">
    <failure message="expected [true] but found [false]" type="java.lang.AssertionError"><![CDATA[java.lang.AssertionError: expected [true] but found [false]
	at org.testng.Assert.fail(Assert.java:110)
	at org.testng.Assert.failNotEquals(Assert.java:1577)
	at org.testng.Assert.assertTrue(Assert.java:56)
	at org.testng.Assert.assertTrue(Assert.java:66)
	at com.inetbanking.testCases.TC_LoginDDT_002.loginDDT(TC_LoginDDT_002.java:24)
	at java.base/jdk.internal.reflect.NativeMethodAccessorImpl.invoke0(Native Method)
	at java.base/jdk.internal.reflect.NativeMethodAccessorImpl.invoke(NativeMethodAccessorImpl.java:77)
	at java.base/jdk.internal.reflect.DelegatingMethodAccessorImpl.invoke(DelegatingMethodAccessorImpl.java:43)
	at java.base/java.lang.reflect.Method.invoke(Method.java:568)
	at org.testng.internal.invokers.MethodInvocationHelper.invokeMethod(MethodInvocationHelper.java:139)
	at org.testng.internal.invokers.TestInvoker.invokeMethod(TestInvoker.java:677)
	at org.testng.internal.invokers.TestInvoker.invokeTestMethod(TestInvoker.java:221)
	at org.testng.internal.invokers.MethodRunner.runInSequence(MethodRunner.java:50)
	at org.testng.internal.invokers.TestInvoker$MethodInvocationAgent.invoke(TestInvoker.java:969)
	at org.testng.internal.invokers.TestInvoker.invokeTestMethods(TestInvoker.java:194)
	at org.testng.internal.invokers.TestMethodWorker.invokeTestMethods(TestMethodWorker.java:148)
	at org.testng.internal.invokers.TestMethodWorker.run(TestMethodWorker.java:128)
	at java.base/java.util.ArrayList.forEach(ArrayList.java:1511)
	at org.testng.TestRunner.privateRun(TestRunner.java:829)
	at org.testng.TestRunner.run(TestRunner.java:602)
	at org.testng.SuiteRunner.runTest(SuiteRunner.java:437)
	at org.testng.SuiteRunner.runSequentially(SuiteRunner.java:431)
	at org.testng.SuiteRunner.privateRun(SuiteRunner.java:391)
	at org.testng.SuiteRunner.run(SuiteRunner.java:330)
	at org.testng.SuiteRunnerWorker.runSuite(SuiteRunnerWorker.java:52)
	at org.testng.SuiteRunnerWorker.run(SuiteRunnerWorker.java:95)
	at org.testng.TestNG.runSuitesSequentially(TestNG.java:1256)
	at org.testng.TestNG.runSuitesLocally(TestNG.java:1176)
	at org.testng.TestNG.runSuites(TestNG.java:1099)
	at org.testng.TestNG.run(TestNG.java:1067)
	at org.apache.maven.surefire.testng.TestNGExecutor.run(TestNGExecutor.java:324)
	at org.apache.maven.surefire.testng.TestNGXmlTestSuite.execute(TestNGXmlTestSuite.java:74)
	at org.apache.maven.surefire.testng.TestNGProvider.invoke(TestNGProvider.java:123)
	at org.apache.maven.surefire.booter.ForkedBooter.runSuitesInProcess(ForkedBooter.java:456)
	at org.apache.maven.surefire.booter.ForkedBooter.execute(ForkedBooter.java:169)
	at org.apache.maven.surefire.booter.ForkedBooter.run(ForkedBooter.java:595)
	at org.apache.maven.surefire.booter.ForkedBooter.main(ForkedBooter.java:581)
]]></failure>
    <system-err><![CDATA[1687868108986	Marionette	WARN	Ignoring event 'DOMContentLoaded' because document has an invalid readyState of 'complete'.
]]></system-err>
  </testcase>
  <testcase name="loginDDT[mngr480502, turUjuj](3)" classname="com.inetbanking.testCases.TC_LoginDDT_002" time="1.583">
    <failure message="expected [true] but found [false]" type="java.lang.AssertionError"><![CDATA[java.lang.AssertionError: expected [true] but found [false]
	at org.testng.Assert.fail(Assert.java:110)
	at org.testng.Assert.failNotEquals(Assert.java:1577)
	at org.testng.Assert.assertTrue(Assert.java:56)
	at org.testng.Assert.assertTrue(Assert.java:66)
	at com.inetbanking.testCases.TC_LoginDDT_002.loginDDT(TC_LoginDDT_002.java:24)
	at java.base/jdk.internal.reflect.NativeMethodAccessorImpl.invoke0(Native Method)
	at java.base/jdk.internal.reflect.NativeMethodAccessorImpl.invoke(NativeMethodAccessorImpl.java:77)
	at java.base/jdk.internal.reflect.DelegatingMethodAccessorImpl.invoke(DelegatingMethodAccessorImpl.java:43)
	at java.base/java.lang.reflect.Method.invoke(Method.java:568)
	at org.testng.internal.invokers.MethodInvocationHelper.invokeMethod(MethodInvocationHelper.java:139)
	at org.testng.internal.invokers.TestInvoker.invokeMethod(TestInvoker.java:677)
	at org.testng.internal.invokers.TestInvoker.invokeTestMethod(TestInvoker.java:221)
	at org.testng.internal.invokers.MethodRunner.runInSequence(MethodRunner.java:50)
	at org.testng.internal.invokers.TestInvoker$MethodInvocationAgent.invoke(TestInvoker.java:969)
	at org.testng.internal.invokers.TestInvoker.invokeTestMethods(TestInvoker.java:194)
	at org.testng.internal.invokers.TestMethodWorker.invokeTestMethods(TestMethodWorker.java:148)
	at org.testng.internal.invokers.TestMethodWorker.run(TestMethodWorker.java:128)
	at java.base/java.util.ArrayList.forEach(ArrayList.java:1511)
	at org.testng.TestRunner.privateRun(TestRunner.java:829)
	at org.testng.TestRunner.run(TestRunner.java:602)
	at org.testng.SuiteRunner.runTest(SuiteRunner.java:437)
	at org.testng.SuiteRunner.runSequentially(SuiteRunner.java:431)
	at org.testng.SuiteRunner.privateRun(SuiteRunner.java:391)
	at org.testng.SuiteRunner.run(SuiteRunner.java:330)
	at org.testng.SuiteRunnerWorker.runSuite(SuiteRunnerWorker.java:52)
	at org.testng.SuiteRunnerWorker.run(SuiteRunnerWorker.java:95)
	at org.testng.TestNG.runSuitesSequentially(TestNG.java:1256)
	at org.testng.TestNG.runSuitesLocally(TestNG.java:1176)
	at org.testng.TestNG.runSuites(TestNG.java:1099)
	at org.testng.TestNG.run(TestNG.java:1067)
	at org.apache.maven.surefire.testng.TestNGExecutor.run(TestNGExecutor.java:324)
	at org.apache.maven.surefire.testng.TestNGXmlTestSuite.execute(TestNGXmlTestSuite.java:74)
	at org.apache.maven.surefire.testng.TestNGProvider.invoke(TestNGProvider.java:123)
	at org.apache.maven.surefire.booter.ForkedBooter.runSuitesInProcess(ForkedBooter.java:456)
	at org.apache.maven.surefire.booter.ForkedBooter.execute(ForkedBooter.java:169)
	at org.apache.maven.surefire.booter.ForkedBooter.run(ForkedBooter.java:595)
	at org.apache.maven.surefire.booter.ForkedBooter.main(ForkedBooter.java:581)
]]></failure>
    <system-err><![CDATA[1687868110533	Marionette	WARN	Ignoring event 'DOMContentLoaded' because document has an invalid readyState of 'complete'.
]]></system-err>
  </testcase>
  <testcase name="loginDDT[mngr480503, turUjuqg](4)" classname="com.inetbanking.testCases.TC_LoginDDT_002" time="1.68">
    <failure message="expected [true] but found [false]" type="java.lang.AssertionError"><![CDATA[java.lang.AssertionError: expected [true] but found [false]
	at org.testng.Assert.fail(Assert.java:110)
	at org.testng.Assert.failNotEquals(Assert.java:1577)
	at org.testng.Assert.assertTrue(Assert.java:56)
	at org.testng.Assert.assertTrue(Assert.java:66)
	at com.inetbanking.testCases.TC_LoginDDT_002.loginDDT(TC_LoginDDT_002.java:24)
	at java.base/jdk.internal.reflect.NativeMethodAccessorImpl.invoke0(Native Method)
	at java.base/jdk.internal.reflect.NativeMethodAccessorImpl.invoke(NativeMethodAccessorImpl.java:77)
	at java.base/jdk.internal.reflect.DelegatingMethodAccessorImpl.invoke(DelegatingMethodAccessorImpl.java:43)
	at java.base/java.lang.reflect.Method.invoke(Method.java:568)
	at org.testng.internal.invokers.MethodInvocationHelper.invokeMethod(MethodInvocationHelper.java:139)
	at org.testng.internal.invokers.TestInvoker.invokeMethod(TestInvoker.java:677)
	at org.testng.internal.invokers.TestInvoker.invokeTestMethod(TestInvoker.java:221)
	at org.testng.internal.invokers.MethodRunner.runInSequence(MethodRunner.java:50)
	at org.testng.internal.invokers.TestInvoker$MethodInvocationAgent.invoke(TestInvoker.java:969)
	at org.testng.internal.invokers.TestInvoker.invokeTestMethods(TestInvoker.java:194)
	at org.testng.internal.invokers.TestMethodWorker.invokeTestMethods(TestMethodWorker.java:148)
	at org.testng.internal.invokers.TestMethodWorker.run(TestMethodWorker.java:128)
	at java.base/java.util.ArrayList.forEach(ArrayList.java:1511)
	at org.testng.TestRunner.privateRun(TestRunner.java:829)
	at org.testng.TestRunner.run(TestRunner.java:602)
	at org.testng.SuiteRunner.runTest(SuiteRunner.java:437)
	at org.testng.SuiteRunner.runSequentially(SuiteRunner.java:431)
	at org.testng.SuiteRunner.privateRun(SuiteRunner.java:391)
	at org.testng.SuiteRunner.run(SuiteRunner.java:330)
	at org.testng.SuiteRunnerWorker.runSuite(SuiteRunnerWorker.java:52)
	at org.testng.SuiteRunnerWorker.run(SuiteRunnerWorker.java:95)
	at org.testng.TestNG.runSuitesSequentially(TestNG.java:1256)
	at org.testng.TestNG.runSuitesLocally(TestNG.java:1176)
	at org.testng.TestNG.runSuites(TestNG.java:1099)
	at org.testng.TestNG.run(TestNG.java:1067)
	at org.apache.maven.surefire.testng.TestNGExecutor.run(TestNGExecutor.java:324)
	at org.apache.maven.surefire.testng.TestNGXmlTestSuite.execute(TestNGXmlTestSuite.java:74)
	at org.apache.maven.surefire.testng.TestNGProvider.invoke(TestNGProvider.java:123)
	at org.apache.maven.surefire.booter.ForkedBooter.runSuitesInProcess(ForkedBooter.java:456)
	at org.apache.maven.surefire.booter.ForkedBooter.execute(ForkedBooter.java:169)
	at org.apache.maven.surefire.booter.ForkedBooter.run(ForkedBooter.java:595)
	at org.apache.maven.surefire.booter.ForkedBooter.main(ForkedBooter.java:581)
]]></failure>
    <system-err><![CDATA[1687868112261	Marionette	WARN	Ignoring event 'DOMContentLoaded' because document has an invalid readyState of 'complete'.
]]></system-err>
  </testcase>
  <testcase name="loginDDT[null, null](5)" classname="com.inetbanking.testCases.TC_LoginDDT_002" time="0.686">
    <failure message="Keys to send should be a not null CharSequence" type="java.lang.IllegalArgumentException"><![CDATA[java.lang.IllegalArgumentException: Keys to send should be a not null CharSequence
	at org.openqa.selenium.remote.RemoteWebElement.sendKeys(RemoteWebElement.java:98)
	at java.base/jdk.internal.reflect.NativeMethodAccessorImpl.invoke0(Native Method)
	at java.base/jdk.internal.reflect.NativeMethodAccessorImpl.invoke(NativeMethodAccessorImpl.java:77)
	at java.base/jdk.internal.reflect.DelegatingMethodAccessorImpl.invoke(DelegatingMethodAccessorImpl.java:43)
	at java.base/java.lang.reflect.Method.invoke(Method.java:568)
	at org.openqa.selenium.support.pagefactory.internal.LocatingElementHandler.invoke(LocatingElementHandler.java:52)
	at jdk.proxy2/jdk.proxy2.$Proxy17.sendKeys(Unknown Source)
	at com.inetbanking.pageObjects.LoginPage.setUserName(LoginPage.java:33)
	at com.inetbanking.testCases.TC_LoginDDT_002.loginDDT(TC_LoginDDT_002.java:17)
	at java.base/jdk.internal.reflect.NativeMethodAccessorImpl.invoke0(Native Method)
	at java.base/jdk.internal.reflect.NativeMethodAccessorImpl.invoke(NativeMethodAccessorImpl.java:77)
	at java.base/jdk.internal.reflect.DelegatingMethodAccessorImpl.invoke(DelegatingMethodAccessorImpl.java:43)
	at java.base/java.lang.reflect.Method.invoke(Method.java:568)
	at org.testng.internal.invokers.MethodInvocationHelper.invokeMethod(MethodInvocationHelper.java:139)
	at org.testng.internal.invokers.TestInvoker.invokeMethod(TestInvoker.java:677)
	at org.testng.internal.invokers.TestInvoker.invokeTestMethod(TestInvoker.java:221)
	at org.testng.internal.invokers.MethodRunner.runInSequence(MethodRunner.java:50)
	at org.testng.internal.invokers.TestInvoker$MethodInvocationAgent.invoke(TestInvoker.java:969)
	at org.testng.internal.invokers.TestInvoker.invokeTestMethods(TestInvoker.java:194)
	at org.testng.internal.invokers.TestMethodWorker.invokeTestMethods(TestMethodWorker.java:148)
	at org.testng.internal.invokers.TestMethodWorker.run(TestMethodWorker.java:128)
	at java.base/java.util.ArrayList.forEach(ArrayList.java:1511)
	at org.testng.TestRunner.privateRun(TestRunner.java:829)
	at org.testng.TestRunner.run(TestRunner.java:602)
	at org.testng.SuiteRunner.runTest(SuiteRunner.java:437)
	at org.testng.SuiteRunner.runSequentially(SuiteRunner.java:431)
	at org.testng.SuiteRunner.privateRun(SuiteRunner.java:391)
	at org.testng.SuiteRunner.run(SuiteRunner.java:330)
	at org.testng.SuiteRunnerWorker.runSuite(SuiteRunnerWorker.java:52)
	at org.testng.SuiteRunnerWorker.run(SuiteRunnerWorker.java:95)
	at org.testng.TestNG.runSuitesSequentially(TestNG.java:1256)
	at org.testng.TestNG.runSuitesLocally(TestNG.java:1176)
	at org.testng.TestNG.runSuites(TestNG.java:1099)
	at org.testng.TestNG.run(TestNG.java:1067)
	at org.apache.maven.surefire.testng.TestNGExecutor.run(TestNGExecutor.java:324)
	at org.apache.maven.surefire.testng.TestNGXmlTestSuite.execute(TestNGXmlTestSuite.java:74)
	at org.apache.maven.surefire.testng.TestNGProvider.invoke(TestNGProvider.java:123)
	at org.apache.maven.surefire.booter.ForkedBooter.runSuitesInProcess(ForkedBooter.java:456)
	at org.apache.maven.surefire.booter.ForkedBooter.execute(ForkedBooter.java:169)
	at org.apache.maven.surefire.booter.ForkedBooter.run(ForkedBooter.java:595)
	at org.apache.maven.surefire.booter.ForkedBooter.main(ForkedBooter.java:581)
]]></failure>
  </testcase>
  <testcase name="addNewCustomer" classname="com.inetbanking.testCases.TC_AddNewCustomer_003" time="42.826">
    <failure message="Unable to locate element: //input[@name=&apos;name&apos;]&#10;For documentation on this error, please visit: https://selenium.dev/exceptions/#no_such_element&#10;Build info: version: &apos;4.8.0&apos;, revision: &apos;267030adea&apos;&#10;System info: os.name: &apos;Windows 10&apos;, os.arch: &apos;amd64&apos;, os.version: &apos;10.0&apos;, java.version: &apos;17.0.4.1&apos;&#10;Driver info: org.openqa.selenium.firefox.FirefoxDriver&#10;Command: [f813b58b-0078-426d-865f-f2edb133f7b1, findElement {using=xpath, value=//input[@name=&apos;name&apos;]}]&#10;Capabilities {acceptInsecureCerts: true, browserName: firefox, browserVersion: 111.0.1, moz:accessibilityChecks: false, moz:buildID: 20230321111920, moz:debuggerAddress: 127.0.0.1:43982, moz:geckodriverVersion: 0.32.0, moz:headless: false, moz:platformVersion: 10.0, moz:processID: 9792, moz:profile: C:\WINDOWS\TEMP\rust_mozpro..., moz:shutdownTimeout: 60000, moz:useNonSpecCompliantPointerOrigin: false, moz:webdriverClick: true, moz:windowless: false, pageLoadStrategy: normal, platformName: WINDOWS, proxy: Proxy(), se:cdp: ws://127.0.0.1:43982/devtoo..., se:cdpVersion: 85.0, setWindowRect: true, strictFileInteractability: false, timeouts: {implicit: 0, pageLoad: 300000, script: 30000}, unhandledPromptBehavior: dismiss and notify}&#10;Session ID: f813b58b-0078-426d-865f-f2edb133f7b1" type="org.openqa.selenium.NoSuchElementException"><![CDATA[org.openqa.selenium.NoSuchElementException: 
Unable to locate element: //input[@name='name']
For documentation on this error, please visit: https://selenium.dev/exceptions/#no_such_element
Build info: version: '4.8.0', revision: '267030adea'
System info: os.name: 'Windows 10', os.arch: 'amd64', os.version: '10.0', java.version: '17.0.4.1'
Driver info: org.openqa.selenium.firefox.FirefoxDriver
Command: [f813b58b-0078-426d-865f-f2edb133f7b1, findElement {using=xpath, value=//input[@name='name']}]
Capabilities {acceptInsecureCerts: true, browserName: firefox, browserVersion: 111.0.1, moz:accessibilityChecks: false, moz:buildID: 20230321111920, moz:debuggerAddress: 127.0.0.1:43982, moz:geckodriverVersion: 0.32.0, moz:headless: false, moz:platformVersion: 10.0, moz:processID: 9792, moz:profile: C:\WINDOWS\TEMP\rust_mozpro..., moz:shutdownTimeout: 60000, moz:useNonSpecCompliantPointerOrigin: false, moz:webdriverClick: true, moz:windowless: false, pageLoadStrategy: normal, platformName: WINDOWS, proxy: Proxy(), se:cdp: ws://127.0.0.1:43982/devtoo..., se:cdpVersion: 85.0, setWindowRect: true, strictFileInteractability: false, timeouts: {implicit: 0, pageLoad: 300000, script: 30000}, unhandledPromptBehavior: dismiss and notify}
Session ID: f813b58b-0078-426d-865f-f2edb133f7b1
	at java.base/jdk.internal.reflect.NativeConstructorAccessorImpl.newInstance0(Native Method)
	at java.base/jdk.internal.reflect.NativeConstructorAccessorImpl.newInstance(NativeConstructorAccessorImpl.java:77)
	at java.base/jdk.internal.reflect.DelegatingConstructorAccessorImpl.newInstance(DelegatingConstructorAccessorImpl.java:45)
	at java.base/java.lang.reflect.Constructor.newInstanceWithCaller(Constructor.java:499)
	at java.base/java.lang.reflect.Constructor.newInstance(Constructor.java:480)
	at org.openqa.selenium.remote.codec.w3c.W3CHttpResponseCodec.createException(W3CHttpResponseCodec.java:200)
	at org.openqa.selenium.remote.codec.w3c.W3CHttpResponseCodec.decode(W3CHttpResponseCodec.java:133)
	at org.openqa.selenium.remote.codec.w3c.W3CHttpResponseCodec.decode(W3CHttpResponseCodec.java:53)
	at org.openqa.selenium.remote.HttpCommandExecutor.execute(HttpCommandExecutor.java:184)
	at org.openqa.selenium.remote.service.DriverCommandExecutor.invokeExecute(DriverCommandExecutor.java:167)
	at org.openqa.selenium.remote.service.DriverCommandExecutor.execute(DriverCommandExecutor.java:142)
	at org.openqa.selenium.remote.RemoteWebDriver.execute(RemoteWebDriver.java:543)
	at org.openqa.selenium.remote.ElementLocation$ElementFinder$2.findElement(ElementLocation.java:162)
	at org.openqa.selenium.remote.ElementLocation.findElement(ElementLocation.java:60)
	at org.openqa.selenium.remote.RemoteWebDriver.findElement(RemoteWebDriver.java:352)
	at org.openqa.selenium.remote.RemoteWebDriver.findElement(RemoteWebDriver.java:344)
	at org.openqa.selenium.support.pagefactory.DefaultElementLocator.findElement(DefaultElementLocator.java:70)
	at org.openqa.selenium.support.pagefactory.internal.LocatingElementHandler.invoke(LocatingElementHandler.java:39)
	at jdk.proxy2/jdk.proxy2.$Proxy17.sendKeys(Unknown Source)
	at com.inetbanking.pageObjects.AddCustomerPage.custName(AddCustomerPage.java:82)
	at com.inetbanking.testCases.TC_AddNewCustomer_003.addNewCustomer(TC_AddNewCustomer_003.java:28)
	at java.base/jdk.internal.reflect.NativeMethodAccessorImpl.invoke0(Native Method)
	at java.base/jdk.internal.reflect.NativeMethodAccessorImpl.invoke(NativeMethodAccessorImpl.java:77)
	at java.base/jdk.internal.reflect.DelegatingMethodAccessorImpl.invoke(DelegatingMethodAccessorImpl.java:43)
	at java.base/java.lang.reflect.Method.invoke(Method.java:568)
	at org.testng.internal.invokers.MethodInvocationHelper.invokeMethod(MethodInvocationHelper.java:139)
	at org.testng.internal.invokers.TestInvoker.invokeMethod(TestInvoker.java:677)
	at org.testng.internal.invokers.TestInvoker.invokeTestMethod(TestInvoker.java:221)
	at org.testng.internal.invokers.MethodRunner.runInSequence(MethodRunner.java:50)
	at org.testng.internal.invokers.TestInvoker$MethodInvocationAgent.invoke(TestInvoker.java:969)
	at org.testng.internal.invokers.TestInvoker.invokeTestMethods(TestInvoker.java:194)
	at org.testng.internal.invokers.TestMethodWorker.invokeTestMethods(TestMethodWorker.java:148)
	at org.testng.internal.invokers.TestMethodWorker.run(TestMethodWorker.java:128)
	at java.base/java.util.ArrayList.forEach(ArrayList.java:1511)
	at org.testng.TestRunner.privateRun(TestRunner.java:829)
	at org.testng.TestRunner.run(TestRunner.java:602)
	at org.testng.SuiteRunner.runTest(SuiteRunner.java:437)
	at org.testng.SuiteRunner.runSequentially(SuiteRunner.java:431)
	at org.testng.SuiteRunner.privateRun(SuiteRunner.java:391)
	at org.testng.SuiteRunner.run(SuiteRunner.java:330)
	at org.testng.SuiteRunnerWorker.runSuite(SuiteRunnerWorker.java:52)
	at org.testng.SuiteRunnerWorker.run(SuiteRunnerWorker.java:95)
	at org.testng.TestNG.runSuitesSequentially(TestNG.java:1256)
	at org.testng.TestNG.runSuitesLocally(TestNG.java:1176)
	at org.testng.TestNG.runSuites(TestNG.java:1099)
	at org.testng.TestNG.run(TestNG.java:1067)
	at org.apache.maven.surefire.testng.TestNGExecutor.run(TestNGExecutor.java:324)
	at org.apache.maven.surefire.testng.TestNGXmlTestSuite.execute(TestNGXmlTestSuite.java:74)
	at org.apache.maven.surefire.testng.TestNGProvider.invoke(TestNGProvider.java:123)
	at org.apache.maven.surefire.booter.ForkedBooter.runSuitesInProcess(ForkedBooter.java:456)
	at org.apache.maven.surefire.booter.ForkedBooter.execute(ForkedBooter.java:169)
	at org.apache.maven.surefire.booter.ForkedBooter.run(ForkedBooter.java:595)
	at org.apache.maven.surefire.booter.ForkedBooter.main(ForkedBooter.java:581)
]]></failure>
    <system-out><![CDATA[ INFO [main] (TC_AddNewCustomer_003.java:26)- providing customer details...
]]></system-out>
    <system-err><![CDATA[1687868113011	RemoteAgent	INFO	Perform WebSocket upgrade for incoming connection from 127.0.0.1:60024
1687868113019	CDP	WARN	Invalid browser preferences for CDP. Set "fission.webContentIsolationStrategy"to 0 and "fission.bfcacheInParent" to false before Firefox starts.
1687868113054	Marionette	INFO	Stopped listening on port 59923
Dynamically enable window occlusion 1
log4j:WARN No such property [dateFormat] in org.apache.log4j.PatternLayout.
1687868117419	geckodriver	INFO	Listening on 127.0.0.1:1422
1687868117456	mozrunner::runner	INFO	Running command: "C:\\Program Files\\Mozilla Firefox\\firefox.exe" "--marionette" "--remote-debugging-port" "43982" "--remote-allow-hosts" "localhost" "--remote-allow-origins" "http://127.0.0.1:43982/,http://localhost:43982/,http://[::1]:43982/" "-no-remote" "-profile" "C:\\WINDOWS\\TEMP\\rust_mozprofileTMy9Xz"
console.warn: services.settings: Ignoring preference override of remote settings server
console.warn: services.settings: Allow by setting MOZ_REMOTE_SETTINGS_DEVTOOLS=1 in the environment
1687868118513	Marionette	INFO	Marionette enabled
Dynamically enable window occlusion 0
1687868118532	Marionette	INFO	Listening on port 60242
Read port: 60242
WebDriver BiDi listening on ws://127.0.0.1:43982
1687868119745	RemoteAgent	WARN	TLS certificate errors will be ignored for this session
[GFX1-]: Fallback WR to SW-WR + D3D11
[GFX1-]: Failed to initialize GPU process
[GFX1-]: [D3D11] failed to get compositor device.
[GFX1-]: Failed to initialize CompositorD3D11 for SWGL: FEATURE_FAILURE_D3D11_NO_DEVICE
[GFX1-]: RenderCompositorSWGL failed mapping default framebuffer, no dt
console.warn: SearchSettings: "get: No settings file exists, new profile?" (new NotFoundError("Could not open the file at C:\\WINDOWS\\TEMP\\rust_mozprofileTMy9Xz\\search.json.mozlz4", (void 0)))
console.error: Region.sys.mjs: "Error fetching region" (new AbortError("The operation was aborted. ", (void 0), 762))
console.error: Region.sys.mjs: "Failed to fetch region" (new Error("NO_RESULT", "resource://gre/modules/Region.sys.mjs", 416))
DevTools listening on ws://127.0.0.1:43982/devtools/browser/b1a4d0c8-4716-4d0c-9c18-9aca5899c994
console.error: (new TypeError("this._searchProviderInfo is null", "resource:///modules/SearchSERPTelemetry.sys.mjs", 468))
console.warn: LoginRecipes: "Falling back to a synchronous message for: https://demo.guru99.com."
console.warn: LoginRecipes: "Falling back to a synchronous message for: https://demo.guru99.com."
1687868142942	Marionette	WARN	Ignoring event 'DOMContentLoaded' because document has an invalid readyState of 'complete'.
JavaScript warning: https://script.mfilterit.net/v3/i/client/web.tataaig.cpv-dv.js?mfpackagename=web.tataaig.cpv&ADSTXTADSYSTEMDOMAIN=google.com&ADSXTPUBLISHERID=pub-3084527350962906&AUCTIONID=ABAjH0hM1dchl3zJbgLK48BMEKrV&BUNDLEID=&CAMPAIGNID=20069158496&CREATIVEID=488110029&EXCHANGEID=1&INSERTIONORDERID=1011963557&INVENTORYSOURCEEXTERNALID=&PUBLISHERID=1&SOURCEURL=https://demo.guru99.com/v3/manager/Managerhomepage.php&SOURCEURLENC=https://demo.guru99.com/v3/manager/Managerhomepage.php&UNIVERSALSITEID=101267050391&CACHEBUSTER=1687868140509140&CLICKURL=https://googleads.g.doubleclick.net/aclk?sa=L&ai=CKi8A7NKaZNSJH8-_9QOI-LmoDZmNr6lxou_60-AQufrShsIzEAEgprviZ2DlyuWDtA6gAfysx8wCyAECqQI2Y9e3MzNKPqgDAcgDmQSqBPEBT9Dpoc3Q_FgteIrlD8DbZG0hsNepiTn_keqhPjQtEB-ffnh03mMVHu1LYC0aQMwdn1xMT0AiFPFR22WHYMizPQgShB_67XrO975iZaptoo79ZfJG1H_l_FDk94b-LG4szj_ZTY-wli0j9nnrOhf-QxW7KraPy6qvKMkbh1GmsfO3ic-WlZbkyW738UQgPTQH-Usb2Do4U-5qQ-Zp6lSVVpBHvqyD00eLMbOJZoMjrWptcJnfzHG422gNVcW-Zbo2lKsbFb3zSSYrnQn8Z7K0HT0aY-_lH1wuiWJ_LJbHLpvY0Ty6JIWAna-1W_-bLlTEVsAE9s3Q9KQE4AQDkAYBoAYCgAfs0rizAagHjs4bqAeT2BuoB-6WsQKoB_6esQKoB6SjsQKoB9XJG6gHpr4bqAeaBqgH89EbqAeW2BuoB6qbsQKoB4OtsQKoB_-esQKoB9-fsQLYBwDSCBQIgGEQARgdMgKKAjoCgEBIvf3BOoAKA8gLAeALAYAMAbATjunrE9gTCogUAdgUAdAVAfgWAYAXAegXAQ&ae=1&num=1&cid=CAQSPABygQiDApHTvsxw0vQd-BTqKKEiQahpUxtXg5SDSWT-LOuAokkjqc9C6f7_gxFDWp2zT3-hoV_ry6Jm3hgB&sig=AOD64_2h3VOtj_MfD8roRCVBLMTEC5GdZw&client=ca-pub-3084527350962906&adurl=https://wafs.mfilterit.net/rdct/%3Fmf_package_name%3Dweb.tataaig.cpv%26url%3Dhttps%253A%252F%252Fwww.tataaig.com%252Fmotor-insurance%252Fcar-insurance%253Futm_source%253DDisplay_Branding%2526utm_medium%253DDV360%2526utm_campaign%253DLS_4W_branding_CA_75perOff_Generic_STD_CA_Web_336x280mf1%3D%24%7BCACHEBUSTER%7D%26mf2%3D%24%7BCLICK_URL%7D%26mf3%3D%24%7BCREATIVE_ID%7D%26mf4%3D%24%7BCAMPAIGN_ID%7D%26mf5%3D%24%7BSOURCE_URL%7D%26mf6%3D%24%7BPUBLISHER_ID%7D%26gclid%3DEAIaIQobChMI1K_F57bj_wIVz199Ch0IfA7VEAEYASAAEgKmsPD_BwE&CLICKURLENC=https://googleads.g.doubleclick.net/aclk%3Fsa%3DL%26ai%3DCKi8A7NKaZNSJH8-_9QOI-LmoDZmNr6lxou_60-AQufrShsIzEAEgprviZ2DlyuWDtA6gAfysx8wCyAECqQI2Y9e3MzNKPqgDAcgDmQSqBPEBT9Dpoc3Q_FgteIrlD8DbZG0hsNepiTn_keqhPjQtEB-ffnh03mMVHu1LYC0aQMwdn1xMT0AiFPFR22WHYMizPQgShB_67XrO975iZaptoo79ZfJG1H_l_FDk94b-LG4szj_ZTY-wli0j9nnrOhf-QxW7KraPy6qvKMkbh1GmsfO3ic-WlZbkyW738UQgPTQH-Usb2Do4U-5qQ-Zp6lSVVpBHvqyD00eLMbOJZoMjrWptcJnfzHG422gNVcW-Zbo2lKsbFb3zSSYrnQn8Z7K0HT0aY-_lH1wuiWJ_LJbHLpvY0Ty6JIWAna-1W_-bLlTEVsAE9s3Q9KQE4AQDkAYBoAYCgAfs0rizAagHjs4bqAeT2BuoB-6WsQKoB_6esQKoB6SjsQKoB9XJG6gHpr4bqAeaBqgH89EbqAeW2BuoB6qbsQKoB4OtsQKoB_-esQKoB9-fsQLYBwDSCBQIgGEQARgdMgKKAjoCgEBIvf3BOoAKA8gLAeALAYAMAbATjunrE9gTCogUAdgUAdAVAfgWAYAXAegXAQ%26ae%3D1%26num%3D1%26cid%3DCAQSPABygQiDApHTvsxw0vQd-BTqKKEiQahpUxtXg5SDSWT-LOuAokkjqc9C6f7_gxFDWp2zT3-hoV_ry6Jm3hgB%26sig%3DAOD64_2h3VOtj_MfD8roRCVBLMTEC5GdZw%26client%3Dca-pub-3084527350962906%26adurl%3Dhttps://wafs.mfilterit.net/rdct/%253Fmf_package_name%253Dweb.tataaig.cpv%2526url%253Dhttps%25253A%25252F%25252Fwww.tataaig.com%25252Fmotor-insurance%25252Fcar-insurance%25253Futm_source%25253DDisplay_Branding%252526utm_medium%25253DDV360%252526utm_campaign%25253DLS_4W_branding_CA_75perOff_Generic_STD_CA_Web_336x280mf1%253D%2524%257BCACHEBUSTER%257D%2526mf2%253D%2524%257BCLICK_URL%257D%2526mf3%253D%2524%257BCREATIVE_ID%257D%2526mf4%253D%2524%257BCAMPAIGN_ID%257D%2526mf5%253D%2524%257BSOURCE_URL%257D%2526mf6%253D%2524%257BPUBLISHER_ID%257D%2526gclid%253DEAIaIQobChMI1K_F57bj_wIVz199Ch0IfA7VEAEYASAAEgKmsPD_BwE&CLICKPOINTROLL=https://googleads.g.doubleclick.net/aclk%3Fsa%3DL%26ai%3DCKi8A7NKaZNSJH8-_9QOI-LmoDZmNr6lxou_60-AQufrShsIzEAEgprviZ2DlyuWDtA6gAfysx8wCyAECqQI2Y9e3MzNKPqgDAcgDmQSqBPEBT9Dpoc3Q_FgteIrlD8DbZG0hsNepiTn_keqhPjQtEB-ffnh03mMVHu1LYC0aQMwdn1xMT0AiFPFR22WHYMizPQgShB_67XrO975iZaptoo79ZfJG1H_l_FDk94b-LG4szj_ZTY-wli0j9nnrOhf-QxW7KraPy6qvKMkbh1GmsfO3ic-WlZbkyW738UQgPTQH-Usb2Do4U-5qQ-Zp6lSVVpBHvqyD00eLMbOJZoMjrWptcJnfzHG422gNVcW-Zbo2lKsbFb3zSSYrnQn8Z7K0HT0aY-_lH1wuiWJ_LJbHLpvY0Ty6JIWAna-1W_-bLlTEVsAE9s3Q9KQE4AQDkAYBoAYCgAfs0rizAagHjs4bqAeT2BuoB-6WsQKoB_6esQKoB6SjsQKoB9XJG6gHpr4bqAeaBqgH89EbqAeW2BuoB6qbsQKoB4OtsQKoB_-esQKoB9-fsQLYBwDSCBQIgGEQARgdMgKKAjoCgEBIvf3BOoAKA8gLAeALAYAMAbATjunrE9gTCogUAdgUAdAVAfgWAYAXAegXAQ%26ae%3D1%26num%3D1%26cid%3DCAQSPABygQiDApHTvsxw0vQd-BTqKKEiQahpUxtXg5SDSWT-LOuAokkjqc9C6f7_gxFDWp2zT3-hoV_ry6Jm3hgB%26sig%3DAOD64_2h3VOtj_MfD8roRCVBLMTEC5GdZw%26client%3Dca-pub-3084527350962906%26adurl%3Dhttps://wafs.mfilterit.net/rdct/%253Fmf_package_name%253Dweb.tataaig.cpv%2526url%253Dhttps%25253A%25252F%25252Fwww.tataaig.com%25252Fmotor-insurance%25252Fcar-insurance%25253Futm_source%25253DDisplay_Branding%252526utm_medium%25253DDV360%252526utm_campaign%25253DLS_4W_branding_CA_75perOff_Generic_STD_CA_Web_336x280mf1%253D%2524%257BCACHEBUSTER%257D%2526mf2%253D%2524%257BCLICK_URL%257D%2526mf3%253D%2524%257BCREATIVE_ID%257D%2526mf4%253D%2524%257BCAMPAIGN_ID%257D%2526mf5%253D%2524%257BSOURCE_URL%257D%2526mf6%253D%2524%257BPUBLISHER_ID%257D%2526gclid%253DEAIaIQobChMI1K_F57bj_wIVz199Ch0IfA7VEAEYASAAEgKmsPD_BwE&DCDBMTOKEN=AD1EzRQAAABoCmAKDAgAFQAAAAAdAAAAABIMCAAVAAAAAB0AAAAAIhMI4Jzc4UqoAuDUxgKwAqWtxeIDQAHSAioYACITCNSvxee24_8CFc9ffQodCHwO1SgBMAE4ou_60-AQQAJIAViIgSAQze_f6AHvxqakvzjBh9YQ9XSa_AYb&channel=dv360&IFDBM=${ifdyn:GDN}{ifpla:Shp123}{ifdbm:DiD}, line 1: WEBGL_debug_renderer_info is deprecated in Firefox and will be removed. Please use RENDERER.
JavaScript warning: https://script.mfilterit.net/v3/i/client/web.tataaig.cpv-dv.js?mfpackagename=web.tataaig.cpv&ADSTXTADSYSTEMDOMAIN=google.com&ADSXTPUBLISHERID=pub-3084527350962906&AUCTIONID=ABAjH0hM1dchl3zJbgLK48BMEKrV&BUNDLEID=&CAMPAIGNID=20069158496&CREATIVEID=488110029&EXCHANGEID=1&INSERTIONORDERID=1011963557&INVENTORYSOURCEEXTERNALID=&PUBLISHERID=1&SOURCEURL=https://demo.guru99.com/v3/manager/Managerhomepage.php&SOURCEURLENC=https://demo.guru99.com/v3/manager/Managerhomepage.php&UNIVERSALSITEID=101267050391&CACHEBUSTER=1687868140509140&CLICKURL=https://googleads.g.doubleclick.net/aclk?sa=L&ai=CKi8A7NKaZNSJH8-_9QOI-LmoDZmNr6lxou_60-AQufrShsIzEAEgprviZ2DlyuWDtA6gAfysx8wCyAECqQI2Y9e3MzNKPqgDAcgDmQSqBPEBT9Dpoc3Q_FgteIrlD8DbZG0hsNepiTn_keqhPjQtEB-ffnh03mMVHu1LYC0aQMwdn1xMT0AiFPFR22WHYMizPQgShB_67XrO975iZaptoo79ZfJG1H_l_FDk94b-LG4szj_ZTY-wli0j9nnrOhf-QxW7KraPy6qvKMkbh1GmsfO3ic-WlZbkyW738UQgPTQH-Usb2Do4U-5qQ-Zp6lSVVpBHvqyD00eLMbOJZoMjrWptcJnfzHG422gNVcW-Zbo2lKsbFb3zSSYrnQn8Z7K0HT0aY-_lH1wuiWJ_LJbHLpvY0Ty6JIWAna-1W_-bLlTEVsAE9s3Q9KQE4AQDkAYBoAYCgAfs0rizAagHjs4bqAeT2BuoB-6WsQKoB_6esQKoB6SjsQKoB9XJG6gHpr4bqAeaBqgH89EbqAeW2BuoB6qbsQKoB4OtsQKoB_-esQKoB9-fsQLYBwDSCBQIgGEQARgdMgKKAjoCgEBIvf3BOoAKA8gLAeALAYAMAbATjunrE9gTCogUAdgUAdAVAfgWAYAXAegXAQ&ae=1&num=1&cid=CAQSPABygQiDApHTvsxw0vQd-BTqKKEiQahpUxtXg5SDSWT-LOuAokkjqc9C6f7_gxFDWp2zT3-hoV_ry6Jm3hgB&sig=AOD64_2h3VOtj_MfD8roRCVBLMTEC5GdZw&client=ca-pub-3084527350962906&adurl=https://wafs.mfilterit.net/rdct/%3Fmf_package_name%3Dweb.tataaig.cpv%26url%3Dhttps%253A%252F%252Fwww.tataaig.com%252Fmotor-insurance%252Fcar-insurance%253Futm_source%253DDisplay_Branding%2526utm_medium%253DDV360%2526utm_campaign%253DLS_4W_branding_CA_75perOff_Generic_STD_CA_Web_336x280mf1%3D%24%7BCACHEBUSTER%7D%26mf2%3D%24%7BCLICK_URL%7D%26mf3%3D%24%7BCREATIVE_ID%7D%26mf4%3D%24%7BCAMPAIGN_ID%7D%26mf5%3D%24%7BSOURCE_URL%7D%26mf6%3D%24%7BPUBLISHER_ID%7D%26gclid%3DEAIaIQobChMI1K_F57bj_wIVz199Ch0IfA7VEAEYASAAEgKmsPD_BwE&CLICKURLENC=https://googleads.g.doubleclick.net/aclk%3Fsa%3DL%26ai%3DCKi8A7NKaZNSJH8-_9QOI-LmoDZmNr6lxou_60-AQufrShsIzEAEgprviZ2DlyuWDtA6gAfysx8wCyAECqQI2Y9e3MzNKPqgDAcgDmQSqBPEBT9Dpoc3Q_FgteIrlD8DbZG0hsNepiTn_keqhPjQtEB-ffnh03mMVHu1LYC0aQMwdn1xMT0AiFPFR22WHYMizPQgShB_67XrO975iZaptoo79ZfJG1H_l_FDk94b-LG4szj_ZTY-wli0j9nnrOhf-QxW7KraPy6qvKMkbh1GmsfO3ic-WlZbkyW738UQgPTQH-Usb2Do4U-5qQ-Zp6lSVVpBHvqyD00eLMbOJZoMjrWptcJnfzHG422gNVcW-Zbo2lKsbFb3zSSYrnQn8Z7K0HT0aY-_lH1wuiWJ_LJbHLpvY0Ty6JIWAna-1W_-bLlTEVsAE9s3Q9KQE4AQDkAYBoAYCgAfs0rizAagHjs4bqAeT2BuoB-6WsQKoB_6esQKoB6SjsQKoB9XJG6gHpr4bqAeaBqgH89EbqAeW2BuoB6qbsQKoB4OtsQKoB_-esQKoB9-fsQLYBwDSCBQIgGEQARgdMgKKAjoCgEBIvf3BOoAKA8gLAeALAYAMAbATjunrE9gTCogUAdgUAdAVAfgWAYAXAegXAQ%26ae%3D1%26num%3D1%26cid%3DCAQSPABygQiDApHTvsxw0vQd-BTqKKEiQahpUxtXg5SDSWT-LOuAokkjqc9C6f7_gxFDWp2zT3-hoV_ry6Jm3hgB%26sig%3DAOD64_2h3VOtj_MfD8roRCVBLMTEC5GdZw%26client%3Dca-pub-3084527350962906%26adurl%3Dhttps://wafs.mfilterit.net/rdct/%253Fmf_package_name%253Dweb.tataaig.cpv%2526url%253Dhttps%25253A%25252F%25252Fwww.tataaig.com%25252Fmotor-insurance%25252Fcar-insurance%25253Futm_source%25253DDisplay_Branding%252526utm_medium%25253DDV360%252526utm_campaign%25253DLS_4W_branding_CA_75perOff_Generic_STD_CA_Web_336x280mf1%253D%2524%257BCACHEBUSTER%257D%2526mf2%253D%2524%257BCLICK_URL%257D%2526mf3%253D%2524%257BCREATIVE_ID%257D%2526mf4%253D%2524%257BCAMPAIGN_ID%257D%2526mf5%253D%2524%257BSOURCE_URL%257D%2526mf6%253D%2524%257BPUBLISHER_ID%257D%2526gclid%253DEAIaIQobChMI1K_F57bj_wIVz199Ch0IfA7VEAEYASAAEgKmsPD_BwE&CLICKPOINTROLL=https://googleads.g.doubleclick.net/aclk%3Fsa%3DL%26ai%3DCKi8A7NKaZNSJH8-_9QOI-LmoDZmNr6lxou_60-AQufrShsIzEAEgprviZ2DlyuWDtA6gAfysx8wCyAECqQI2Y9e3MzNKPqgDAcgDmQSqBPEBT9Dpoc3Q_FgteIrlD8DbZG0hsNepiTn_keqhPjQtEB-ffnh03mMVHu1LYC0aQMwdn1xMT0AiFPFR22WHYMizPQgShB_67XrO975iZaptoo79ZfJG1H_l_FDk94b-LG4szj_ZTY-wli0j9nnrOhf-QxW7KraPy6qvKMkbh1GmsfO3ic-WlZbkyW738UQgPTQH-Usb2Do4U-5qQ-Zp6lSVVpBHvqyD00eLMbOJZoMjrWptcJnfzHG422gNVcW-Zbo2lKsbFb3zSSYrnQn8Z7K0HT0aY-_lH1wuiWJ_LJbHLpvY0Ty6JIWAna-1W_-bLlTEVsAE9s3Q9KQE4AQDkAYBoAYCgAfs0rizAagHjs4bqAeT2BuoB-6WsQKoB_6esQKoB6SjsQKoB9XJG6gHpr4bqAeaBqgH89EbqAeW2BuoB6qbsQKoB4OtsQKoB_-esQKoB9-fsQLYBwDSCBQIgGEQARgdMgKKAjoCgEBIvf3BOoAKA8gLAeALAYAMAbATjunrE9gTCogUAdgUAdAVAfgWAYAXAegXAQ%26ae%3D1%26num%3D1%26cid%3DCAQSPABygQiDApHTvsxw0vQd-BTqKKEiQahpUxtXg5SDSWT-LOuAokkjqc9C6f7_gxFDWp2zT3-hoV_ry6Jm3hgB%26sig%3DAOD64_2h3VOtj_MfD8roRCVBLMTEC5GdZw%26client%3Dca-pub-3084527350962906%26adurl%3Dhttps://wafs.mfilterit.net/rdct/%253Fmf_package_name%253Dweb.tataaig.cpv%2526url%253Dhttps%25253A%25252F%25252Fwww.tataaig.com%25252Fmotor-insurance%25252Fcar-insurance%25253Futm_source%25253DDisplay_Branding%252526utm_medium%25253DDV360%252526utm_campaign%25253DLS_4W_branding_CA_75perOff_Generic_STD_CA_Web_336x280mf1%253D%2524%257BCACHEBUSTER%257D%2526mf2%253D%2524%257BCLICK_URL%257D%2526mf3%253D%2524%257BCREATIVE_ID%257D%2526mf4%253D%2524%257BCAMPAIGN_ID%257D%2526mf5%253D%2524%257BSOURCE_URL%257D%2526mf6%253D%2524%257BPUBLISHER_ID%257D%2526gclid%253DEAIaIQobChMI1K_F57bj_wIVz199Ch0IfA7VEAEYASAAEgKmsPD_BwE&DCDBMTOKEN=AD1EzRQAAABoCmAKDAgAFQAAAAAdAAAAABIMCAAVAAAAAB0AAAAAIhMI4Jzc4UqoAuDUxgKwAqWtxeIDQAHSAioYACITCNSvxee24_8CFc9ffQodCHwO1SgBMAE4ou_60-AQQAJIAViIgSAQze_f6AHvxqakvzjBh9YQ9XSa_AYb&channel=dv360&IFDBM=${ifdyn:GDN}{ifpla:Shp123}{ifdbm:DiD}, line 1: WEBGL_debug_renderer_info is deprecated in Firefox and will be removed. Please use RENDERER.
JavaScript warning: https://pagead2.googlesyndication.com/bg/fAtTGskzFlJa5Ldh3SiPbiLEXcXjYWf8ZG_gkYEl2B0.js line 2 > eval line 7406 > eval line 1 > eval line 1 > eval, line 1: WEBGL_debug_renderer_info is deprecated in Firefox and will be removed. Please use RENDERER.
JavaScript warning: https://pagead2.googlesyndication.com/bg/fAtTGskzFlJa5Ldh3SiPbiLEXcXjYWf8ZG_gkYEl2B0.js line 2 > eval line 972 > eval line 1 > eval line 1 > eval, line 1: WEBGL_debug_renderer_info is deprecated in Firefox and will be removed. Please use RENDERER.
]]></system-err>
  </testcase>
</testsuite>